2025-11-17 13:48:00 | INFO | repo=Tic-Tac-Toe | action=commit
2025-07-10 10:17:00 | WARN | repo=Tic-Tac-Toe | action=commit
2025-02-26 07:50:00 | INFO | repo=Tic-Tac-Toe | action=commit
2025-07-25 20:09:00 | WARN | repo=Tic-Tac-Toe | action=commit
2025-12-01 20:40:00 | WARN | repo=Tic-Tac-Toe | action=commit
2025-01-16 20:37:00 | INFO | repo=Tic-Tac-Toe | action=commit
2025-04-05 18:49:00 | DEBUG | repo=Tic-Tac-Toe | action=commit
2025-05-17 09:37:00 | DEBUG | repo=Tic-Tac-Toe | action=commit
2025-04-04 14:01:00 | INFO | repo=Tic-Tac-Toe | action=commit
2025-10-21 16:34:00 | WARN | repo=Tic-Tac-Toe | action=commit
2025-09-24 21:48:00 | WARN | repo=Tic-Tac-Toe | action=commit
2025-08-16 18:47:00 | WARN | repo=Tic-Tac-Toe | action=commit
2025-11-12 08:02:00 | INFO | repo=Tic-Tac-Toe | action=commit
2025-10-18 17:17:00 | INFO | repo=Tic-Tac-Toe | action=commit
2025-11-08 21:40:00 | DEBUG | repo=Tic-Tac-Toe | action=commit
2025-03-24 17:14:00 | DEBUG | repo=Tic-Tac-Toe | action=commit
2025-11-08 08:40:00 | INFO | repo=Tic-Tac-Toe | action=commit
2025-01-07 14:47:00 | DEBUG | repo=Tic-Tac-Toe | action=commit
2025-02-22 07:09:00 | WARN | repo=Tic-Tac-Toe | action=commit
2025-06-27 09:27:00 | WARN | repo=Tic-Tac-Toe | action=commit
2025-02-04 13:56:00 | WARN | repo=Tic-Tac-Toe | action=commit
2025-01-17 09:35:00 | WARN | repo=Tic-Tac-Toe | action=commit
2025-12-01 18:48:00 | DEBUG | repo=Tic-Tac-Toe | action=commit
2025-01-12 16:13:00 | DEBUG | repo=Tic-Tac-Toe | action=commit
2025-08-17 15:28:00 | INFO | repo=Tic-Tac-Toe | action=pull
2025-01-22 07:15:00 | WARN | repo=Tic-Tac-Toe | action=commit
2025-08-01 08:49:00 | INFO | repo=Tic-Tac-Toe | action=commit
2025-12-21 19:47:00 | DEBUG | repo=Tic-Tac-Toe | action=commit
2025-08-17 19:23:00 | INFO | repo=Tic-Tac-Toe | action=edit | files=3
2025-02-13 10:44:00 | INFO | repo=Tic-Tac-Toe | action=commit
2025-04-04 11:21:00 | WARN | repo=Tic-Tac-Toe | action=commit
2025-03-07 10:23:00 | WARN | repo=Tic-Tac-Toe | action=commit
2025-10-13 12:12:00 | DEBUG | repo=Tic-Tac-Toe | action=commit
2025-03-12 12:03:00 | INFO | repo=Tic-Tac-Toe | action=test | passed=true
2025-07-07 21:00:00 | INFO | repo=Tic-Tac-Toe | action=commit
2025-05-26 10:39:00 | WARN | repo=Tic-Tac-Toe | action=edit | files=4
2025-08-12 17:30:00 | INFO | repo=Tic-Tac-Toe | action=commit
2025-02-23 08:15:00 | WARN | repo=Tic-Tac-Toe | action=commit
2025-02-24 18:59:00 | DEBUG | repo=Tic-Tac-Toe | action=commit
2025-10-20 21:48:00 | DEBUG | repo=Tic-Tac-Toe | action=commit
2025-02-03 13:38:00 | DEBUG | repo=Tic-Tac-Toe | action=commit
2025-09-24 18:13:00 | INFO | repo=Tic-Tac-Toe | action=pull
2025-04-01 08:52:00 | INFO | repo=Tic-Tac-Toe | action=test | passed=true
2025-07-17 19:25:00 | WARN | repo=Tic-Tac-Toe | action=commit
2025-07-05 07:38:00 | WARN | repo=Tic-Tac-Toe | action=pull
2025-02-28 21:23:00 | INFO | repo=Tic-Tac-Toe | action=commit
2025-08-06 21:51:00 | DEBUG | repo=Tic-Tac-Toe | action=commit
2025-10-04 11:14:00 | WARN | repo=Tic-Tac-Toe | action=pull
2025-09-20 09:46:00 | DEBUG | repo=Tic-Tac-Toe | action=commit
2025-08-25 11:45:00 | INFO | repo=Tic-Tac-Toe | action=pull
2025-08-26 10:40:00 | WARN | repo=Tic-Tac-Toe | action=commit
2025-01-08 20:08:00 | WARN | repo=Tic-Tac-Toe | action=test | passed=true
2025-09-07 08:50:00 | DEBUG | repo=Tic-Tac-Toe | action=commit
2025-01-20 14:58:00 | DEBUG | repo=Tic-Tac-Toe | action=commit
2025-07-07 09:06:00 | DEBUG | repo=Tic-Tac-Toe | action=edit | files=2
2025-11-28 18:59:00 | WARN | repo=Tic-Tac-Toe | action=commit
2025-06-18 21:48:00 | INFO | repo=Tic-Tac-Toe | action=commit
2025-04-10 08:42:00 | INFO | repo=Tic-Tac-Toe | action=test | passed=true
2025-10-17 10:25:00 | INFO | repo=Tic-Tac-Toe | action=pull
2025-07-25 12:07:00 | INFO | repo=Tic-Tac-Toe | action=commit
2025-01-11 18:23:00 | DEBUG | repo=Tic-Tac-Toe | action=edit | files=3
2025-03-26 17:28:00 | WARN | repo=Tic-Tac-Toe | action=commit
2025-04-02 09:18:00 | DEBUG | repo=Tic-Tac-Toe | action=commit
2025-02-22 13:19:00 | DEBUG | repo=Tic-Tac-Toe | action=commit
2025-05-28 07:05:00 | WARN | repo=Tic-Tac-Toe | action=commit
2025-08-21 17:23:00 | INFO | repo=Tic-Tac-Toe | action=commit
2025-05-16 13:24:00 | DEBUG | repo=Tic-Tac-Toe | action=commit
2025-12-25 11:04:00 | INFO | repo=Tic-Tac-Toe | action=pull
2025-10-09 12:19:00 | DEBUG | repo=Tic-Tac-Toe | action=commit
2025-11-10 21:12:00 | DEBUG | repo=Tic-Tac-Toe | action=commit
2025-01-26 08:27:00 | WARN | repo=Tic-Tac-Toe | action=commit
2025-01-19 07:33:00 | WARN | repo=Tic-Tac-Toe | action=commit
2025-10-07 16:22:00 | WARN | repo=Tic-Tac-Toe | action=commit
2025-05-12 20:05:00 | INFO | repo=Tic-Tac-Toe | action=edit | files=3
2025-12-22 20:30:00 | INFO | repo=Tic-Tac-Toe | action=commit
2025-11-03 07:59:00 | WARN | repo=Tic-Tac-Toe | action=commit
2025-05-11 17:08:00 | INFO | repo=Tic-Tac-Toe | action=commit
2025-03-06 15:54:00 | WARN | repo=Tic-Tac-Toe | action=commit
2025-12-22 15:38:00 | DEBUG | repo=Tic-Tac-Toe | action=pull
2025-01-02 20:20:00 | INFO | repo=Tic-Tac-Toe | action=commit
2025-03-26 18:32:00 | WARN | repo=Tic-Tac-Toe | action=edit | files=3
2025-04-11 08:58:00 | WARN | repo=Tic-Tac-Toe | action=commit
2025-04-18 20:01:00 | WARN | repo=Tic-Tac-Toe | action=edit | files=1
2025-02-01 14:45:00 | INFO | repo=Tic-Tac-Toe | action=commit
2025-06-12 19:44:00 | WARN | repo=Tic-Tac-Toe | action=commit
2025-02-18 08:31:00 | INFO | repo=Tic-Tac-Toe | action=commit
2025-06-08 07:18:00 | WARN | repo=Tic-Tac-Toe | action=commit
2025-01-06 09:32:00 | DEBUG | repo=Tic-Tac-Toe | action=test | passed=true
2025-06-01 07:24:00 | WARN | repo=Tic-Tac-Toe | action=commit
2025-11-25 12:31:00 | DEBUG | repo=Tic-Tac-Toe | action=test | passed=true
2025-01-14 20:54:00 | WARN | repo=Tic-Tac-Toe | action=test | passed=true
2025-09-08 12:55:00 | INFO | repo=Tic-Tac-Toe | action=commit
2025-09-11 10:38:00 | DEBUG | repo=Tic-Tac-Toe | action=commit
2025-07-04 07:58:00 | INFO | repo=Tic-Tac-Toe | action=pull
2025-09-22 08:05:00 | DEBUG | repo=Tic-Tac-Toe | action=commit
2025-11-16 11:03:00 | DEBUG | repo=Tic-Tac-Toe | action=commit
2025-08-03 12:34:00 | DEBUG | repo=Tic-Tac-Toe | action=test | passed=true
2025-09-13 15:48:00 | DEBUG | repo=Tic-Tac-Toe | action=edit | files=1
2025-05-11 21:33:00 | WARN | repo=Tic-Tac-Toe | action=test | passed=true
2025-01-14 21:27:00 | INFO | repo=Tic-Tac-Toe | action=commit
2025-02-02 20:52:00 | DEBUG | repo=Tic-Tac-Toe | action=edit | files=1
2026-10-06 08:22:00 | WARN | repo=Tic-Tac-Toe | action=commit
2026-09-05 18:05:00 | WARN | repo=Tic-Tac-Toe | action=commit
2026-01-13 11:02:00 | INFO | repo=Tic-Tac-Toe | action=commit
2026-04-18 10:29:00 | WARN | repo=Tic-Tac-Toe | action=pull
2026-12-20 19:25:00 | WARN | repo=Tic-Tac-Toe | action=commit
2026-10-22 07:38:00 | INFO | repo=Tic-Tac-Toe | action=test | passed=true
2026-09-08 08:08:00 | WARN | repo=Tic-Tac-Toe | action=commit
2026-04-11 13:53:00 | DEBUG | repo=Tic-Tac-Toe | action=commit
2026-02-05 21:24:00 | INFO | repo=Tic-Tac-Toe | action=commit
2026-04-22 13:11:00 | DEBUG | repo=Tic-Tac-Toe | action=commit
2026-04-19 11:34:00 | DEBUG | repo=Tic-Tac-Toe | action=test | passed=true
2026-04-09 08:34:00 | DEBUG | repo=Tic-Tac-Toe | action=commit
2026-06-10 07:30:00 | WARN | repo=Tic-Tac-Toe | action=test | passed=true
2026-10-16 11:08:00 | DEBUG | repo=Tic-Tac-Toe | action=pull
2026-12-18 12:27:00 | WARN | repo=Tic-Tac-Toe | action=commit
2026-09-04 20:36:00 | INFO | repo=Tic-Tac-Toe | action=commit
2026-10-03 14:09:00 | DEBUG | repo=Tic-Tac-Toe | action=commit
2026-05-18 21:22:00 | WARN | repo=Tic-Tac-Toe | action=pull
2026-03-13 11:07:00 | DEBUG | repo=Tic-Tac-Toe | action=edit | files=4
2026-06-12 14:58:00 | DEBUG | repo=Tic-Tac-Toe | action=edit | files=3
2026-07-16 18:32:00 | INFO | repo=Tic-Tac-Toe | action=commit
2025-12-12 18:16:00 | INFO | repo=Tic-Tac-Toe | action=commit
2025-11-08 08:03:00 | INFO | repo=Tic-Tac-Toe | action=commit
2025-03-09 21:45:00 | INFO | repo=Tic-Tac-Toe | action=edit | files=1
2025-05-01 08:20:00 | DEBUG | repo=Tic-Tac-Toe | action=commit
2025-12-07 15:26:00 | WARN | repo=Tic-Tac-Toe | action=commit
2025-03-25 11:59:00 | INFO | repo=Tic-Tac-Toe | action=commit
2025-07-11 18:01:00 | INFO | repo=Tic-Tac-Toe | action=commit
2025-07-14 07:14:00 | WARN | repo=Tic-Tac-Toe | action=commit
2025-09-04 17:45:00 | DEBUG | repo=Tic-Tac-Toe | action=commit
2025-09-11 18:12:00 | WARN | repo=Tic-Tac-Toe | action=commit
2025-12-18 21:51:00 | WARN | repo=Tic-Tac-Toe | action=commit
2025-04-09 21:06:00 | WARN | repo=Tic-Tac-Toe | action=edit | files=2
2025-12-13 20:00:00 | DEBUG | repo=Tic-Tac-Toe | action=commit
2025-05-24 18:56:00 | INFO | repo=Tic-Tac-Toe | action=commit
2025-11-09 14:17:00 | WARN | repo=Tic-Tac-Toe | action=commit
2025-06-26 19:31:00 | INFO | repo=Tic-Tac-Toe | action=test | passed=true
2025-11-22 14:57:00 | DEBUG | repo=Tic-Tac-Toe | action=commit
2025-04-04 17:46:00 | WARN | repo=Tic-Tac-Toe | action=commit
2025-02-16 21:29:00 | WARN | repo=Tic-Tac-Toe | action=pull
2025-02-28 21:54:00 | DEBUG | repo=Tic-Tac-Toe | action=commit
2025-09-12 07:28:00 | WARN | repo=Tic-Tac-Toe | action=commit
2025-10-24 10:46:00 | INFO | repo=Tic-Tac-Toe | action=commit
2025-10-21 09:27:00 | WARN | repo=Tic-Tac-Toe | action=commit
2025-11-09 08:04:00 | WARN | repo=Tic-Tac-Toe | action=commit
2025-04-14 14:04:00 | DEBUG | repo=Tic-Tac-Toe | action=commit
2025-10-02 07:24:00 | INFO | repo=Tic-Tac-Toe | action=commit
2025-07-20 11:19:00 | DEBUG | repo=Tic-Tac-Toe | action=test | passed=true
2025-12-07 21:17:00 | INFO | repo=Tic-Tac-Toe | action=commit
2025-06-03 14:42:00 | DEBUG | repo=Tic-Tac-Toe | action=commit
2025-11-24 09:57:00 | WARN | repo=Tic-Tac-Toe | action=commit
2025-05-24 16:09:00 | DEBUG | repo=Tic-Tac-Toe | action=test | passed=true
2025-08-19 18:39:00 | WARN | repo=Tic-Tac-Toe | action=commit
2025-10-23 07:59:00 | INFO | repo=Tic-Tac-Toe | action=pull
2025-04-26 21:47:00 | INFO | repo=Tic-Tac-Toe | action=test | passed=true
2025-04-04 16:00:00 | DEBUG | repo=Tic-Tac-Toe | action=commit
2025-05-09 10:16:00 | DEBUG | repo=Tic-Tac-Toe | action=test | passed=true
2025-01-07 20:22:00 | WARN | repo=Tic-Tac-Toe | action=test | passed=true
2025-05-13 14:35:00 | WARN | repo=Tic-Tac-Toe | action=commit
2025-06-28 16:36:00 | WARN | repo=Tic-Tac-Toe | action=test | passed=true
2025-08-05 18:02:00 | DEBUG | repo=Tic-Tac-Toe | action=pull
2025-11-26 11:36:00 | INFO | repo=Tic-Tac-Toe | action=commit
2025-02-11 18:02:00 | WARN | repo=Tic-Tac-Toe | action=edit | files=3
2025-10-03 15:00:00 | INFO | repo=Tic-Tac-Toe | action=pull
2025-07-03 12:21:00 | DEBUG | repo=Tic-Tac-Toe | action=edit | files=4
2025-05-27 21:11:00 | DEBUG | repo=Tic-Tac-Toe | action=edit | files=1
2025-11-26 07:12:00 | DEBUG | repo=Tic-Tac-Toe | action=test | passed=true
2025-11-09 16:59:00 | INFO | repo=Tic-Tac-Toe | action=commit
2025-04-10 14:10:00 | DEBUG | repo=Tic-Tac-Toe | action=commit
2025-11-04 07:27:00 | INFO | repo=Tic-Tac-Toe | action=commit
2025-05-24 18:09:00 | DEBUG | repo=Tic-Tac-Toe | action=commit
2025-01-26 09:41:00 | INFO | repo=Tic-Tac-Toe | action=edit | files=5
2025-07-20 20:10:00 | WARN | repo=Tic-Tac-Toe | action=test | passed=true
2025-08-23 10:57:00 | DEBUG | repo=Tic-Tac-Toe | action=commit
2025-10-09 10:54:00 | DEBUG | repo=Tic-Tac-Toe | action=edit | files=4
2025-08-10 13:06:00 | WARN | repo=Tic-Tac-Toe | action=commit
2025-04-19 09:47:00 | DEBUG | repo=Tic-Tac-Toe | action=commit
2025-01-20 15:56:00 | WARN | repo=Tic-Tac-Toe | action=edit | files=4
2025-07-07 20:12:00 | INFO | repo=Tic-Tac-Toe | action=commit
2025-02-24 14:40:00 | INFO | repo=Tic-Tac-Toe | action=test | passed=true
2025-12-25 07:40:00 | WARN | repo=Tic-Tac-Toe | action=commit
2025-02-12 07:06:00 | DEBUG | repo=Tic-Tac-Toe | action=edit | files=1
2025-09-12 10:44:00 | WARN | repo=Tic-Tac-Toe | action=edit | files=5
2025-10-19 08:20:00 | DEBUG | repo=Tic-Tac-Toe | action=commit
2025-03-24 12:14:00 | INFO | repo=Tic-Tac-Toe | action=pull
2025-04-01 08:14:00 | WARN | repo=Tic-Tac-Toe | action=test | passed=true
2025-05-06 15:34:00 | INFO | repo=Tic-Tac-Toe | action=test | passed=true
2025-10-01 16:28:00 | INFO | repo=Tic-Tac-Toe | action=commit
2024-11-03 18:19:00 | INFO | repo=Tic-Tac-Toe | action=commit
2024-09-24 15:16:00 | INFO | repo=Tic-Tac-Toe | action=commit
2024-01-15 20:57:00 | WARN | repo=Tic-Tac-Toe | action=commit
2024-12-03 16:50:00 | WARN | repo=Tic-Tac-Toe | action=test | passed=true
2025-07-18 09:05:00 | WARN | repo=Tic-Tac-Toe | action=commit
2025-08-12 13:39:00 | INFO | repo=Tic-Tac-Toe | action=commit
2024-02-21 11:14:00 | DEBUG | repo=Tic-Tac-Toe | action=commit
2025-01-19 08:36:00 | INFO | repo=Tic-Tac-Toe | action=edit | files=1
2025-12-02 11:06:00 | INFO | repo=Tic-Tac-Toe | action=test | passed=true
2025-02-06 13:41:00 | DEBUG | repo=Tic-Tac-Toe | action=commit
2025-01-15 08:45:00 | DEBUG | repo=Tic-Tac-Toe | action=test | passed=true
2025-10-09 16:02:00 | DEBUG | repo=Tic-Tac-Toe | action=commit
2024-12-20 09:47:00 | INFO | repo=Tic-Tac-Toe | action=pull
2024-01-25 19:30:00 | INFO | repo=Tic-Tac-Toe | action=commit
2025-04-20 13:21:00 | WARN | repo=Tic-Tac-Toe | action=commit
2025-02-26 18:27:00 | INFO | repo=Tic-Tac-Toe | action=commit
2024-05-27 21:55:00 | WARN | repo=Tic-Tac-Toe | action=commit
2024-12-19 07:50:00 | DEBUG | repo=Tic-Tac-Toe | action=commit
2024-11-02 10:14:00 | INFO | repo=Tic-Tac-Toe | action=commit
2025-12-23 18:56:00 | INFO | repo=Tic-Tac-Toe | action=commit
2025-12-24 07:44:00 | WARN | repo=Tic-Tac-Toe | action=pull
2024-11-28 10:20:00 | DEBUG | repo=Tic-Tac-Toe | action=test | passed=true
2024-10-19 20:15:00 | WARN | repo=Tic-Tac-Toe | action=commit
2024-01-19 11:58:00 | DEBUG | repo=Tic-Tac-Toe | action=pull
2024-09-06 09:26:00 | WARN | repo=Tic-Tac-Toe | action=edit | files=4
2024-11-14 12:27:00 | DEBUG | repo=Tic-Tac-Toe | action=pull
2024-10-24 17:19:00 | DEBUG | repo=Tic-Tac-Toe | action=edit | files=2
2025-10-21 17:06:00 | INFO | repo=Tic-Tac-Toe | action=test | passed=true
2025-03-27 09:21:00 | WARN | repo=Tic-Tac-Toe | action=commit
2025-08-14 20:06:00 | WARN | repo=Tic-Tac-Toe | action=test | passed=true
2024-02-08 17:27:00 | WARN | repo=Tic-Tac-Toe | action=commit
2025-12-12 07:42:00 | INFO | repo=Tic-Tac-Toe | action=commit
2025-11-24 18:14:00 | INFO | repo=Tic-Tac-Toe | action=commit
2025-11-18 17:35:00 | DEBUG | repo=Tic-Tac-Toe | action=commit
2025-08-06 11:18:00 | WARN | repo=Tic-Tac-Toe | action=commit
2024-06-15 13:43:00 | DEBUG | repo=Tic-Tac-Toe | action=pull
2024-11-03 07:46:00 | DEBUG | repo=Tic-Tac-Toe | action=commit
2025-06-09 08:57:00 | WARN | repo=Tic-Tac-Toe | action=pull
2025-02-26 08:59:00 | DEBUG | repo=Tic-Tac-Toe | action=edit | files=2
2024-10-11 18:44:00 | INFO | repo=Tic-Tac-Toe | action=edit | files=4
2024-08-04 20:42:00 | INFO | repo=Tic-Tac-Toe | action=pull
2024-05-27 19:38:00 | DEBUG | repo=Tic-Tac-Toe | action=pull
2025-05-11 21:03:00 | DEBUG | repo=Tic-Tac-Toe | action=edit | files=1
2025-04-12 10:42:00 | WARN | repo=Tic-Tac-Toe | action=edit | files=3
2025-01-23 19:58:00 | INFO | repo=Tic-Tac-Toe | action=test | passed=true
2025-03-19 19:08:00 | WARN | repo=Tic-Tac-Toe | action=commit
2024-07-11 20:22:00 | WARN | repo=Tic-Tac-Toe | action=commit
2024-08-24 09:17:00 | WARN | repo=Tic-Tac-Toe | action=pull
2024-12-20 12:44:00 | DEBUG | repo=Tic-Tac-Toe | action=test | passed=true
2025-02-16 20:44:00 | WARN | repo=Tic-Tac-Toe | action=commit
2024-03-26 13:35:00 | WARN | repo=Tic-Tac-Toe | action=test | passed=true
2025-09-10 12:15:00 | WARN | repo=Tic-Tac-Toe | action=test | passed=true
2025-01-03 19:51:00 | INFO | repo=Tic-Tac-Toe | action=commit
2025-11-18 08:39:00 | WARN | repo=Tic-Tac-Toe | action=commit
2025-08-20 17:16:00 | INFO | repo=Tic-Tac-Toe | action=edit | files=4
2025-12-28 14:02:00 | DEBUG | repo=Tic-Tac-Toe | action=commit
2025-04-23 19:18:00 | DEBUG | repo=Tic-Tac-Toe | action=edit | files=4
2025-02-22 07:59:00 | INFO | repo=Tic-Tac-Toe | action=commit
2025-04-24 19:11:00 | WARN | repo=Tic-Tac-Toe | action=commit
2025-11-14 13:06:00 | INFO | repo=Tic-Tac-Toe | action=commit
2025-07-17 15:24:00 | WARN | repo=Tic-Tac-Toe | action=commit
2025-06-23 09:43:00 | WARN | repo=Tic-Tac-Toe | action=edit | files=2
2025-04-15 16:13:00 | WARN | repo=Tic-Tac-Toe | action=commit
2025-09-08 10:27:00 | WARN | repo=Tic-Tac-Toe | action=commit
2025-07-18 15:58:00 | DEBUG | repo=Tic-Tac-Toe | action=pull
2025-01-15 09:00:00 | DEBUG | repo=Tic-Tac-Toe | action=commit
2025-07-13 18:43:00 | DEBUG | repo=Tic-Tac-Toe | action=commit
2025-11-15 13:43:00 | INFO | repo=Tic-Tac-Toe | action=edit | files=2
2025-11-13 21:41:00 | WARN | repo=Tic-Tac-Toe | action=edit | files=5
2025-08-17 18:34:00 | DEBUG | repo=Tic-Tac-Toe | action=edit | files=1
2025-06-01 08:35:00 | WARN | repo=Tic-Tac-Toe | action=commit
2025-06-05 08:27:00 | INFO | repo=Tic-Tac-Toe | action=commit
2025-06-27 19:06:00 | INFO | repo=Tic-Tac-Toe | action=commit
2025-03-10 20:09:00 | WARN | repo=Tic-Tac-Toe | action=commit
2025-08-21 19:08:00 | DEBUG | repo=Tic-Tac-Toe | action=commit
2025-11-20 17:11:00 | INFO | repo=Tic-Tac-Toe | action=pull
2025-02-28 15:38:00 | INFO | repo=Tic-Tac-Toe | action=commit
2025-11-14 07:42:00 | INFO | repo=Tic-Tac-Toe | action=test | passed=true
2025-05-09 19:49:00 | DEBUG | repo=Tic-Tac-Toe | action=commit
2025-09-12 20:56:00 | INFO | repo=Tic-Tac-Toe | action=commit
2025-08-22 20:44:00 | DEBUG | repo=Tic-Tac-Toe | action=commit
2025-10-23 14:15:00 | DEBUG | repo=Tic-Tac-Toe | action=commit
2025-07-23 21:06:00 | DEBUG | repo=Tic-Tac-Toe | action=commit
2025-08-17 12:11:00 | DEBUG | repo=Tic-Tac-Toe | action=commit
2025-05-11 12:09:00 | INFO | repo=Tic-Tac-Toe | action=commit
2025-01-05 17:43:00 | DEBUG | repo=Tic-Tac-Toe | action=commit
2025-01-28 11:49:00 | WARN | repo=Tic-Tac-Toe | action=commit
2025-06-12 18:03:00 | WARN | repo=Tic-Tac-Toe | action=pull
2025-10-02 09:40:00 | DEBUG | repo=Tic-Tac-Toe | action=commit
2025-07-02 11:41:00 | INFO | repo=Tic-Tac-Toe | action=commit
2025-01-04 20:49:00 | WARN | repo=Tic-Tac-Toe | action=commit
2025-02-22 17:46:00 | WARN | repo=Tic-Tac-Toe | action=commit
2025-07-01 15:29:00 | INFO | repo=Tic-Tac-Toe | action=edit | files=4
2025-02-02 12:44:00 | DEBUG | repo=Tic-Tac-Toe | action=commit
2025-12-13 19:58:00 | INFO | repo=Tic-Tac-Toe | action=commit
2025-09-23 21:56:00 | WARN | repo=Tic-Tac-Toe | action=edit | files=3
2025-01-18 16:19:00 | DEBUG | repo=Tic-Tac-Toe | action=commit
2025-11-16 20:42:00 | INFO | repo=Tic-Tac-Toe | action=test | passed=true
2025-05-03 19:55:00 | INFO | repo=Tic-Tac-Toe | action=commit
2025-09-19 18:59:00 | DEBUG | repo=Tic-Tac-Toe | action=commit
2025-02-15 09:15:00 | INFO | repo=Tic-Tac-Toe | action=commit
2025-04-27 20:48:00 | INFO | repo=Tic-Tac-Toe | action=commit
2025-07-05 12:22:00 | INFO | repo=Tic-Tac-Toe | action=test | passed=true
2025-03-24 19:41:00 | WARN | repo=Tic-Tac-Toe | action=edit | files=4
2025-11-10 19:53:00 | WARN | repo=Tic-Tac-Toe | action=edit | files=1
2025-01-16 08:47:00 | DEBUG | repo=Tic-Tac-Toe | action=pull
2025-12-10 08:42:00 | INFO | repo=Tic-Tac-Toe | action=commit
2025-09-15 18:24:00 | DEBUG | repo=Tic-Tac-Toe | action=commit
2025-10-01 15:13:00 | INFO | repo=Tic-Tac-Toe | action=commit
2025-08-12 07:30:00 | WARN | repo=Tic-Tac-Toe | action=edit | files=2
2025-01-22 08:04:00 | INFO | repo=Tic-Tac-Toe | action=pull
2025-10-27 09:10:00 | DEBUG | repo=Tic-Tac-Toe | action=edit | files=2
2025-09-21 18:22:00 | DEBUG | repo=Tic-Tac-Toe | action=test | passed=true
2025-03-06 18:12:00 | DEBUG | repo=Tic-Tac-Toe | action=test | passed=true
2025-05-14 20:39:00 | WARN | repo=Tic-Tac-Toe | action=pull
2025-05-05 21:47:00 | WARN | repo=Tic-Tac-Toe | action=commit
2025-07-22 16:07:00 | WARN | repo=Tic-Tac-Toe | action=test | passed=true
2025-03-03 21:19:00 | WARN | repo=Tic-Tac-Toe | action=commit
2025-06-19 15:29:00 | DEBUG | repo=Tic-Tac-Toe | action=commit
2025-01-26 14:10:00 | DEBUG | repo=Tic-Tac-Toe | action=commit
2025-06-20 19:43:00 | WARN | repo=Tic-Tac-Toe | action=commit
2025-09-14 14:58:00 | DEBUG | repo=Tic-Tac-Toe | action=commit
2025-01-24 15:15:00 | INFO | repo=Tic-Tac-Toe | action=edit | files=1
2025-07-17 21:29:00 | WARN | repo=Tic-Tac-Toe | action=edit | files=2
2025-11-01 17:45:00 | DEBUG | repo=Tic-Tac-Toe | action=pull
2025-11-17 08:14:00 | DEBUG | repo=Tic-Tac-Toe | action=commit
2025-04-03 09:54:00 | WARN | repo=Tic-Tac-Toe | action=test | passed=true
2025-07-13 14:26:00 | WARN | repo=Tic-Tac-Toe | action=commit
2025-05-25 07:09:00 | WARN | repo=Tic-Tac-Toe | action=edit | files=2
2025-03-17 19:31:00 | INFO | repo=Tic-Tac-Toe | action=commit
2025-12-01 08:09:00 | WARN | repo=Tic-Tac-Toe | action=edit | files=2
2025-10-19 10:41:00 | INFO | repo=Tic-Tac-Toe | action=commit
2025-09-05 15:31:00 | WARN | repo=Tic-Tac-Toe | action=edit | files=3
2025-02-15 07:47:00 | DEBUG | repo=Tic-Tac-Toe | action=test | passed=true
2025-07-22 14:14:00 | DEBUG | repo=Tic-Tac-Toe | action=pull
2025-08-11 17:26:00 | DEBUG | repo=Tic-Tac-Toe | action=commit
2025-11-25 12:32:00 | DEBUG | repo=Tic-Tac-Toe | action=commit
2025-08-24 08:56:00 | DEBUG | repo=Tic-Tac-Toe | action=commit
2025-04-16 18:21:00 | DEBUG | repo=Tic-Tac-Toe | action=commit
2025-08-26 14:23:00 | INFO | repo=Tic-Tac-Toe | action=commit
2025-12-12 14:39:00 | INFO | repo=Tic-Tac-Toe | action=edit | files=2
2025-08-02 11:45:00 | INFO | repo=Tic-Tac-Toe | action=commit
2025-03-06 18:35:00 | INFO | repo=Tic-Tac-Toe | action=commit
2025-05-23 19:21:00 | WARN | repo=Tic-Tac-Toe | action=commit
2025-03-07 20:32:00 | DEBUG | repo=Tic-Tac-Toe | action=commit
2025-04-18 08:16:00 | INFO | repo=Tic-Tac-Toe | action=commit
2025-02-04 18:08:00 | DEBUG | repo=Tic-Tac-Toe | action=edit | files=3
2025-07-05 14:39:00 | DEBUG | repo=Tic-Tac-Toe | action=commit
2025-05-10 14:21:00 | INFO | repo=Tic-Tac-Toe | action=pull
2025-01-10 11:48:00 | WARN | repo=Tic-Tac-Toe | action=test | passed=true
2025-08-24 10:32:00 | INFO | repo=Tic-Tac-Toe | action=edit | files=1
2025-04-13 16:26:00 | INFO | repo=Tic-Tac-Toe | action=pull
2025-04-03 08:44:00 | INFO | repo=Tic-Tac-Toe | action=commit
2025-08-19 20:13:00 | INFO | repo=Tic-Tac-Toe | action=test | passed=true
2025-08-10 08:09:00 | DEBUG | repo=Tic-Tac-Toe | action=pull
2025-08-25 14:15:00 | DEBUG | repo=Tic-Tac-Toe | action=commit
2025-12-17 18:47:00 | DEBUG | repo=Tic-Tac-Toe | action=edit | files=4
2025-10-20 15:58:00 | WARN | repo=Tic-Tac-Toe | action=commit
2025-11-20 07:15:00 | INFO | repo=Tic-Tac-Toe | action=commit
2025-03-21 20:21:00 | WARN | repo=Tic-Tac-Toe | action=pull
2025-06-13 11:37:00 | WARN | repo=Tic-Tac-Toe | action=commit
2025-05-19 14:43:00 | WARN | repo=Tic-Tac-Toe | action=edit | files=5
2025-01-16 19:21:00 | WARN | repo=Tic-Tac-Toe | action=commit
2025-03-16 08:38:00 | DEBUG | repo=Tic-Tac-Toe | action=commit
2025-12-16 21:05:00 | INFO | repo=Tic-Tac-Toe | action=commit
2025-05-21 13:03:00 | WARN | repo=Tic-Tac-Toe | action=edit | files=2
2025-06-08 11:57:00 | WARN | repo=Tic-Tac-Toe | action=commit
2025-11-24 17:45:00 | INFO | repo=Tic-Tac-Toe | action=commit
2025-01-22 08:17:00 | INFO | repo=Tic-Tac-Toe | action=commit
2025-05-18 17:05:00 | WARN | repo=Tic-Tac-Toe | action=edit | files=4
2025-12-26 20:54:00 | INFO | repo=Tic-Tac-Toe | action=commit
2025-06-07 14:07:00 | DEBUG | repo=Tic-Tac-Toe | action=commit
2025-01-24 13:03:00 | DEBUG | repo=Tic-Tac-Toe | action=commit
2025-08-09 18:06:00 | INFO | repo=Tic-Tac-Toe | action=commit
2025-05-07 10:53:00 | DEBUG | repo=Tic-Tac-Toe | action=commit
2025-07-05 11:32:00 | INFO | repo=Tic-Tac-Toe | action=commit
2025-05-05 20:16:00 | INFO | repo=Tic-Tac-Toe | action=commit
2025-05-05 08:03:00 | WARN | repo=Tic-Tac-Toe | action=test | passed=true
2025-07-20 20:53:00 | DEBUG | repo=Tic-Tac-Toe | action=commit
2025-10-07 18:57:00 | DEBUG | repo=Tic-Tac-Toe | action=edit | files=1
2025-10-24 14:28:00 | INFO | repo=Tic-Tac-Toe | action=commit
2025-09-12 16:10:00 | INFO | repo=Tic-Tac-Toe | action=test | passed=true
2025-04-17 10:14:00 | WARN | repo=Tic-Tac-Toe | action=commit
2025-10-08 19:24:00 | DEBUG | repo=Tic-Tac-Toe | action=test | passed=true
2025-11-20 15:01:00 | INFO | repo=Tic-Tac-Toe | action=pull
2025-11-26 17:53:00 | INFO | repo=Tic-Tac-Toe | action=test | passed=true
2025-09-08 08:42:00 | WARN | repo=Tic-Tac-Toe | action=commit
2025-10-04 13:25:00 | WARN | repo=Tic-Tac-Toe | action=commit
2025-07-07 12:07:00 | DEBUG | repo=Tic-Tac-Toe | action=commit
2025-05-12 20:24:00 | DEBUG | repo=Tic-Tac-Toe | action=test | passed=true
2025-10-12 20:32:00 | INFO | repo=Tic-Tac-Toe | action=commit
2025-04-24 10:10:00 | DEBUG | repo=Tic-Tac-Toe | action=edit | files=5
2025-03-02 12:29:00 | DEBUG | repo=Tic-Tac-Toe | action=commit
2025-09-22 08:57:00 | WARN | repo=Tic-Tac-Toe | action=pull
2025-05-13 07:01:00 | DEBUG | repo=Tic-Tac-Toe | action=commit
2025-12-28 15:59:00 | INFO | repo=Tic-Tac-Toe | action=commit
2025-11-28 13:01:00 | DEBUG | repo=Tic-Tac-Toe | action=commit
2025-02-20T13:32:00 | nonce=8465194881628939747
2025-06-12T11:48:00 | nonce=13057914256157073730
2025-05-26T16:29:00 | nonce=17795885283569706830
2025-08-02T11:07:00 | nonce=10648797350235308094
2025-09-26T11:35:00 | nonce=14152714155882667222
2025-08-25T13:57:00 | nonce=12485382714583618693
2025-07-01T18:05:00 | nonce=9776955587407258101
2025-01-06T11:09:00 | nonce=464353301788450719
2025-07-23T11:29:00 | nonce=923334947166077330
2025-08-04T16:27:00 | nonce=2823209368326210351
2025-05-19T10:01:00 | nonce=14126187661045660795
2025-10-19T20:29:00 | nonce=17537610177326612113
2025-10-25T11:30:00 | nonce=4377486546031810982
2025-09-24T19:07:00 | nonce=5811185928591740067
2024-10-06T16:20:00 | nonce=478009352041832309
2025-07-24T16:59:00 | nonce=1343313557636796176
2024-03-04T11:11:00 | nonce=3398905126724947214
2025-06-10T17:07:00 | nonce=12263249274284372113
2025-07-16T18:05:00 | nonce=9660849837923298033
2024-03-12T09:14:00 | nonce=6815056274737022711
2024-08-10T10:42:00 | nonce=13447741197994657781
2025-06-16T17:58:00 | nonce=13267738180964910519
2024-01-03T19:33:00 | nonce=13529186056805820487
2024-09-03T15:51:00 | nonce=5945812803228687568
2024-09-29T13:43:00 | nonce=7697376471535700394
2024-10-03T19:27:00 | nonce=6154201272639129020
2024-10-17T16:57:00 | nonce=8417252910283298816
2024-10-24T15:29:00 | nonce=10605155481053590521
2024-11-20T09:39:00 | nonce=7438555456309485086
2024-11-23T12:19:00 | nonce=13861987071359996601
2025-01-30T15:54:00 | nonce=205245523620955998
2025-02-06T12:30:00 | nonce=4784530751522273211
2025-05-28T17:54:00 | nonce=11311906139511689462
2025-05-29T17:35:00 | nonce=2377856896241772271
2025-06-19T10:48:00 | nonce=13554350247980307411
2025-09-10T09:44:00 | nonce=2191992930139621621
2025-12-02T12:10:00 | nonce=900468859098074013
2025-12-15T12:14:00 | nonce=2144907191688036832
2025-11-27T10:49:00 | nonce=16216823398300069213
2025-07-26T15:39:00 | nonce=2109637628752844905
2025-08-14T09:01:00 | nonce=11570339099941265401
2025-04-27T15:30:00 | nonce=6977851570591080044
2025-10-11T12:52:00 | nonce=16046726202101655808
2025-09-18T15:32:00 | nonce=16840256608436603941
2025-05-03T19:00:00 | nonce=13779183620930384852
2025-12-01T09:44:00 | nonce=17958174139537704571
2025-06-04T19:41:00 | nonce=4618672008649898673
2025-07-27T17:04:00 | nonce=5624848808046687846
2025-09-21T13:15:00 | nonce=8482409542812632868
2025-08-27T18:21:00 | nonce=12748513150269598693
2025-08-20T11:55:00 | nonce=8545713781047614086
2025-10-26T15:29:00 | nonce=14173983043352567061
